<?xml version="1.0" encoding="UTF-8"?>
<!-- Generated by org.testng.reporters.JUnitReportReporter -->
<testsuite hostname="DESKTOP-2NCCHVC" failures="0" tests="1" name="Batch1.AssertAll" time="37.981" errors="0" timestamp="2024-03-05T12:24:30 IST" skipped="0">
  <testcase classname="Batch1.AssertAll" name="assertAll" time="37.981"/>
</testsuite> <!-- Batch1.AssertAll -->
