<?xml version="1.0" encoding="UTF-8"?>
<!-- Generated by org.testng.reporters.JUnitReportReporter -->
<testsuite hostname="DESKTOP-2NCCHVC" failures="0" tests="1" name="AditiTripathi.ChronoLogicalOrder" time="7.629" errors="0" timestamp="2024-02-29T13:11:50 IST" skipped="0">
  <testcase classname="AditiTripathi.ChronoLogicalOrder" name="Test" time="7.629"/>
</testsuite> <!-- AditiTripathi.ChronoLogicalOrder -->
