<?xml version="1.0" encoding="UTF-8"?>
<!-- Generated by org.testng.reporters.JUnitReportReporter -->
<testsuite hostname="DESKTOP-2NCCHVC" failures="0" tests="1" name="Batch2.QspiderDemo" time="53.025" errors="0" timestamp="2024-02-28T13:30:00 IST" skipped="0">
  <testcase classname="Batch2.QspiderDemo" name="Qspider" time="53.025">
    <system-out>
      <![CDATA[Demo web page Aditi]]>
    </system-out>
  </testcase> <!-- Qspider -->
  <system-out>
    <![CDATA[ShoperStack page
Myntra page
Dws page
Hi Aditi
FlipKart Page
RcB page
Demo web page Aditi]]>
  </system-out>
</testsuite> <!-- Batch2.QspiderDemo -->
