<?xml version="1.0" encoding="UTF-8"?>
<!-- Generated by org.testng.reporters.JUnitReportReporter -->
<testsuite hostname="DESKTOP-2NCCHVC" failures="0" tests="4" name="AditiTripathi.TestNgLaunch" time="68.696" errors="0" timestamp="2024-02-27T21:56:46 IST" skipped="0">
  <testcase classname="AditiTripathi.TestNgLaunch" name="dws" time="7.978">
    <system-out>
      <![CDATA[Hello Aditi]]>
    </system-out>
  </testcase> <!-- dws -->
  <testcase classname="AditiTripathi.TestNgLaunch" name="rcb" time="7.897">
    <system-out>
      <![CDATA[I am from rcb]]>
    </system-out>
  </testcase> <!-- rcb -->
  <testcase classname="AditiTripathi.TestNgLaunch" name="MI" time="36.498">
    <system-out>
      <![CDATA[I am from Mi]]>
    </system-out>
  </testcase> <!-- MI -->
  <testcase classname="AditiTripathi.TestNgLaunch" name="csk" time="16.323">
    <system-out>
      <![CDATA[I am from csk]]>
    </system-out>
  </testcase> <!-- csk -->
  <system-out>
    <![CDATA[I am from Mi
I am from csk
Hello Aditi
I am from rcb]]>
  </system-out>
</testsuite> <!-- AditiTripathi.TestNgLaunch -->
