<?xml version="1.0" encoding="UTF-8"?>
<!-- Generated by org.testng.reporters.JUnitReportReporter -->
<testsuite hostname="DESKTOP-2NCCHVC" failures="0" tests="1" name="AditiTripathi.ExecuteDwsHomePage" time="31.584" errors="0" timestamp="2024-03-02T02:44:30 IST" skipped="0">
  <testcase classname="AditiTripathi.ExecuteDwsHomePage" name="simple" time="31.584"/>
</testsuite> <!-- AditiTripathi.ExecuteDwsHomePage -->
