<?xml version="1.0" encoding="UTF-8"?>
<!-- Generated by org.testng.reporters.JUnitReportReporter -->
<testsuite hostname="DESKTOP-2NCCHVC" failures="0" tests="1" name="Batch1.Amazon" time="138.984" errors="0" timestamp="2024-02-28T14:37:34 IST" skipped="0">
  <testcase classname="Batch1.Amazon" name="Ama" time="138.984">
    <system-out>
      <![CDATA[Hi Aditi]]>
    </system-out>
  </testcase> <!-- Ama -->
  <system-out>
    <![CDATA[Hi Aditi
Myntra page]]>
  </system-out>
</testsuite> <!-- Batch1.Amazon -->
