<?xml version="1.0" encoding="UTF-8"?>
<!-- Generated by org.testng.reporters.JUnitReportReporter -->
<testsuite hostname="DESKTOP-2NCCHVC" failures="0" tests="1" name="AditiTripathi.Login" time="10.315" errors="0" timestamp="2024-03-02T23:20:58 IST" skipped="0">
  <testcase classname="AditiTripathi.Login" name="login_page" time="10.315"/>
</testsuite> <!-- AditiTripathi.Login -->
