<?xml version="1.0" encoding="UTF-8"?>
<!-- Generated by org.testng.reporters.JUnitReportReporter -->
<testsuite hostname="DESKTOP-2NCCHVC" failures="0" tests="1" name="AditiTripathi.Shoping_cart" time="15.646" errors="0" timestamp="2024-03-04T12:29:50 IST" skipped="0">
  <testcase classname="AditiTripathi.Shoping_cart" name="cart" time="15.646"/>
</testsuite> <!-- AditiTripathi.Shoping_cart -->
