<?xml version="1.0" encoding="UTF-8"?>
<!-- Generated by org.testng.reporters.JUnitReportReporter -->
<testsuite hostname="DESKTOP-2NCCHVC" failures="0" tests="1" name="Batch1.HardAsert" time="8.791" errors="0" timestamp="2024-03-05T11:51:17 IST" skipped="0">
  <testcase classname="Batch1.HardAsert" name="Hard" time="8.791"/>
</testsuite> <!-- Batch1.HardAsert -->
