<?xml version="1.0" encoding="UTF-8"?>
<!-- Generated by org.testng.reporters.JUnitReportReporter -->
<testsuite hostname="DESKTOP-2NCCHVC" failures="0" tests="1" name="AditiTripathi.Ragister" time="13.124" errors="0" timestamp="2024-03-04T12:16:40 IST" skipped="0">
  <testcase classname="AditiTripathi.Ragister" name="ragister" time="13.124"/>
</testsuite> <!-- AditiTripathi.Ragister -->
