<?xml version="1.0" encoding="UTF-8"?>
<!-- Generated by org.testng.reporters.JUnitReportReporter -->
<testsuite hostname="DESKTOP-2NCCHVC" failures="0" tests="1" name="Batch1.AssertFalseM" time="11.564" errors="0" timestamp="2024-03-05T14:03:29 IST" skipped="0">
  <testcase classname="Batch1.AssertFalseM" name="assertF" time="11.564"/>
</testsuite> <!-- Batch1.AssertFalseM -->
