<?xml version="1.0" encoding="UTF-8"?>
<!-- Generated by org.testng.reporters.JUnitReportReporter -->
<testsuite hostname="DESKTOP-2NCCHVC" failures="0" tests="1" name="Batch2.ShoperStack" time="53.401" errors="0" timestamp="2024-02-28T13:30:00 IST" skipped="0">
  <testcase classname="Batch2.ShoperStack" name="Shopre" time="53.401">
    <system-out>
      <![CDATA[ShoperStack page]]>
    </system-out>
  </testcase> <!-- Shopre -->
  <system-out>
    <![CDATA[ShoperStack page
Myntra page
Dws page
Hi Aditi
FlipKart Page
RcB page
Demo web page Aditi]]>
  </system-out>
</testsuite> <!-- Batch2.ShoperStack -->
