<?xml version="1.0" encoding="UTF-8"?>
<!-- Generated by org.testng.reporters.JUnitReportReporter -->
<testsuite hostname="DESKTOP-2NCCHVC" failures="0" tests="1" name="Batch2.RCB" time="23.731" errors="0" timestamp="2024-02-28T15:06:36 IST" skipped="0">
  <testcase classname="Batch2.RCB" name="Royal" time="23.731">
    <system-out>
      <![CDATA[RcB page]]>
    </system-out>
  </testcase> <!-- Royal -->
  <system-out>
    <![CDATA[RcB page]]>
  </system-out>
</testsuite> <!-- Batch2.RCB -->
