<?xml version="1.0" encoding="UTF-8"?>
<!-- Generated by org.testng.reporters.JUnitReportReporter -->
<testsuite hostname="DESKTOP-2NCCHVC" failures="0" tests="2" name="AditiTripathi.DwsLogin" time="15.977" errors="0" timestamp="2024-02-29T14:57:38 IST" skipped="0">
  <testcase classname="AditiTripathi.DwsLogin" name="login" time="5.891"/>
  <testcase classname="AditiTripathi.DwsLogin" name="login" time="10.086"/>
</testsuite> <!-- AditiTripathi.DwsLogin -->
