<?xml version="1.0" encoding="UTF-8"?>
<!-- Generated by org.testng.reporters.JUnitReportReporter -->
<testsuite hostname="DESKTOP-2NCCHVC" failures="0" tests="1" name="AditiTripathi.FetchDataDynamic" time="1.589" errors="0" timestamp="2024-03-01T12:25:29 IST" skipped="0">
  <testcase classname="AditiTripathi.FetchDataDynamic" name="Basic" time="1.589"/>
</testsuite> <!-- AditiTripathi.FetchDataDynamic -->
