<?xml version="1.0" encoding="UTF-8"?>
<!-- Generated by org.testng.reporters.JUnitReportReporter -->
<testsuite hostname="DESKTOP-2NCCHVC" failures="0" tests="3" name="AditiTripathi.DataProviderCombination" time="28.964" errors="0" timestamp="2024-03-01T13:21:36 IST" skipped="0">
  <testcase classname="AditiTripathi.DataProviderCombination" name="Reciever" time="7.397"/>
  <testcase classname="AditiTripathi.DataProviderCombination" name="Reciever" time="13.300"/>
  <testcase classname="AditiTripathi.DataProviderCombination" name="Reciever" time="8.267"/>
</testsuite> <!-- AditiTripathi.DataProviderCombination -->
